Starting training
=========== Epoch: 1 ===========
	[10% of Batches]: Loss = 8.938
	[20% of Batches]: Loss = 1.047
	[30% of Batches]: Loss = 0.897
	[40% of Batches]: Loss = 0.900
	[50% of Batches]: Loss = 0.808
	[60% of Batches]: Loss = 0.764
	[70% of Batches]: Loss = 0.776
	[80% of Batches]: Loss = 0.760
	[90% of Batches]: Loss = 0.717
	[100% of Batches]: Loss = 0.718
Train Loss: 1.59,	Validation Loss: 1.04
Train Accuracy: 64.20%,	Validation Accuracy: 61.64%

=========== Epoch: 2 ===========
	[10% of Batches]: Loss = 0.719
	[20% of Batches]: Loss = 0.650
	[30% of Batches]: Loss = 0.611
	[40% of Batches]: Loss = 0.668
	[50% of Batches]: Loss = 0.585
	[60% of Batches]: Loss = 0.598
	[70% of Batches]: Loss = 0.605
	[80% of Batches]: Loss = 0.575
	[90% of Batches]: Loss = 0.539
	[100% of Batches]: Loss = 0.527
Train Loss: 0.60,	Validation Loss: 1.09
Train Accuracy: 76.65%,	Validation Accuracy: 70.06%

=========== Epoch: 3 ===========
	[10% of Batches]: Loss = 0.548
	[20% of Batches]: Loss = 0.480
	[30% of Batches]: Loss = 0.458
	[40% of Batches]: Loss = 0.495
	[50% of Batches]: Loss = 0.465
	[60% of Batches]: Loss = 0.450
	[70% of Batches]: Loss = 0.487
	[80% of Batches]: Loss = 0.405
	[90% of Batches]: Loss = 0.443
	[100% of Batches]: Loss = 0.407
Train Loss: 0.46,	Validation Loss: 0.54
Train Accuracy: 82.72%,	Validation Accuracy: 77.85%

=========== Epoch: 4 ===========
	[10% of Batches]: Loss = 0.435
	[20% of Batches]: Loss = 0.367
	[30% of Batches]: Loss = 0.360
	[40% of Batches]: Loss = 0.420
	[50% of Batches]: Loss = 0.374
	[60% of Batches]: Loss = 0.404
	[70% of Batches]: Loss = 0.394
	[80% of Batches]: Loss = 0.355
	[90% of Batches]: Loss = 0.378
	[100% of Batches]: Loss = 0.390
Train Loss: 0.39,	Validation Loss: 0.38
Train Accuracy: 85.47%,	Validation Accuracy: 85.28%

=========== Epoch: 5 ===========
	[10% of Batches]: Loss = 0.358
	[20% of Batches]: Loss = 0.352
	[30% of Batches]: Loss = 0.302
	[40% of Batches]: Loss = 0.336
	[50% of Batches]: Loss = 0.315
	[60% of Batches]: Loss = 0.318
	[70% of Batches]: Loss = 0.329
	[80% of Batches]: Loss = 0.335
	[90% of Batches]: Loss = 0.292
	[100% of Batches]: Loss = 0.340
Train Loss: 0.33,	Validation Loss: 1.61
Train Accuracy: 87.96%,	Validation Accuracy: 61.52%

=========== Epoch: 6 ===========
	[10% of Batches]: Loss = 0.336
	[20% of Batches]: Loss = 0.280
	[30% of Batches]: Loss = 0.280
	[40% of Batches]: Loss = 0.347
	[50% of Batches]: Loss = 0.263
	[60% of Batches]: Loss = 0.288
	[70% of Batches]: Loss = 0.297
	[80% of Batches]: Loss = 0.307
	[90% of Batches]: Loss = 0.259
	[100% of Batches]: Loss = 0.286
Train Loss: 0.29,	Validation Loss: 0.93
Train Accuracy: 89.11%,	Validation Accuracy: 72.06%

=========== Epoch: 7 ===========
	[10% of Batches]: Loss = 0.254
	[20% of Batches]: Loss = 0.257
	[30% of Batches]: Loss = 0.245
	[40% of Batches]: Loss = 0.274
	[50% of Batches]: Loss = 0.241
	[60% of Batches]: Loss = 0.242
	[70% of Batches]: Loss = 0.280
	[80% of Batches]: Loss = 0.259
	[90% of Batches]: Loss = 0.238
	[100% of Batches]: Loss = 0.251
Train Loss: 0.25,	Validation Loss: 1.31
Train Accuracy: 90.84%,	Validation Accuracy: 63.90%

=========== Epoch: 8 ===========
	[10% of Batches]: Loss = 0.226
	[20% of Batches]: Loss = 0.231
	[30% of Batches]: Loss = 0.218
	[40% of Batches]: Loss = 0.265
	[50% of Batches]: Loss = 0.183
	[60% of Batches]: Loss = 0.215
	[70% of Batches]: Loss = 0.241
	[80% of Batches]: Loss = 0.233
	[90% of Batches]: Loss = 0.191
	[100% of Batches]: Loss = 0.208
Train Loss: 0.22,	Validation Loss: 0.79
Train Accuracy: 91.88%,	Validation Accuracy: 73.39%

=========== Epoch: 9 ===========
	[10% of Batches]: Loss = 0.199
	[20% of Batches]: Loss = 0.224
	[30% of Batches]: Loss = 0.169
	[40% of Batches]: Loss = 0.235
	[50% of Batches]: Loss = 0.192
	[60% of Batches]: Loss = 0.180
	[70% of Batches]: Loss = 0.194
	[80% of Batches]: Loss = 0.209
	[90% of Batches]: Loss = 0.177
	[100% of Batches]: Loss = 0.167
Train Loss: 0.19,	Validation Loss: 0.88
Train Accuracy: 92.80%,	Validation Accuracy: 76.47%

=========== Epoch: 10 ===========
	[10% of Batches]: Loss = 0.155
	[20% of Batches]: Loss = 0.170
	[30% of Batches]: Loss = 0.161
	[40% of Batches]: Loss = 0.218
	[50% of Batches]: Loss = 0.159
	[60% of Batches]: Loss = 0.136
	[70% of Batches]: Loss = 0.190
	[80% of Batches]: Loss = 0.147
	[90% of Batches]: Loss = 0.199
	[100% of Batches]: Loss = 0.186
Train Loss: 0.17,	Validation Loss: 0.86
Train Accuracy: 93.91%,	Validation Accuracy: 71.53%

Accuracy: 70.34%, Avg. Loss: 0.92
