Starting training
=========== Epoch: 1 ===========
Starting training
=========== Epoch: 1 ===========
	[10% of Batches]: Loss = 6.990
	[20% of Batches]: Loss = 1.061
	[30% of Batches]: Loss = 0.931
	[40% of Batches]: Loss = 0.877
	[50% of Batches]: Loss = 0.855
	[60% of Batches]: Loss = 0.754
	[70% of Batches]: Loss = 0.739
	[80% of Batches]: Loss = 0.713
	[90% of Batches]: Loss = 0.595
	[100% of Batches]: Loss = 0.614
Train Loss: 1.38,	Validation Loss: 3.09
Train Accuracy: 64.50%,	Validation Accuracy: 25.49%

=========== Epoch: 2 ===========
	[10% of Batches]: Loss = 0.681
	[20% of Batches]: Loss = 0.623
	[30% of Batches]: Loss = 0.602
	[40% of Batches]: Loss = 0.621
	[50% of Batches]: Loss = 0.633
	[60% of Batches]: Loss = 0.585
	[70% of Batches]: Loss = 0.583
	[80% of Batches]: Loss = 0.602
	[90% of Batches]: Loss = 0.527
	[100% of Batches]: Loss = 0.567
Train Loss: 0.60,	Validation Loss: 1.17
Train Accuracy: 77.31%,	Validation Accuracy: 58.23%

=========== Epoch: 3 ===========
	[10% of Batches]: Loss = 0.617
	[20% of Batches]: Loss = 0.507
	[30% of Batches]: Loss = 0.465
	[40% of Batches]: Loss = 0.518
	[50% of Batches]: Loss = 0.556
	[60% of Batches]: Loss = 0.548
	[70% of Batches]: Loss = 0.497
	[80% of Batches]: Loss = 0.490
	[90% of Batches]: Loss = 0.456
	[100% of Batches]: Loss = 0.473
Train Loss: 0.51,	Validation Loss: 0.51
Train Accuracy: 80.52%,	Validation Accuracy: 80.46%

=========== Epoch: 4 ===========
	[10% of Batches]: Loss = 0.516
	[20% of Batches]: Loss = 0.423
	[30% of Batches]: Loss = 0.413
	[40% of Batches]: Loss = 0.420
	[50% of Batches]: Loss = 0.478
	[60% of Batches]: Loss = 0.491
	[70% of Batches]: Loss = 0.420
	[80% of Batches]: Loss = 0.431
	[90% of Batches]: Loss = 0.394
	[100% of Batches]: Loss = 0.365
Train Loss: 0.43,	Validation Loss: 1.30
Train Accuracy: 83.72%,	Validation Accuracy: 54.83%

=========== Epoch: 5 ===========
	[10% of Batches]: Loss = 0.491
	[20% of Batches]: Loss = 0.388
	[30% of Batches]: Loss = 0.376
	[40% of Batches]: Loss = 0.384
	[50% of Batches]: Loss = 0.411
	[60% of Batches]: Loss = 0.446
	[70% of Batches]: Loss = 0.408
	[80% of Batches]: Loss = 0.390
	[90% of Batches]: Loss = 0.343
	[100% of Batches]: Loss = 0.340
Train Loss: 0.40,	Validation Loss: 0.97
Train Accuracy: 85.15%,	Validation Accuracy: 72.41%

=========== Epoch: 6 ===========
	[10% of Batches]: Loss = 0.409
	[20% of Batches]: Loss = 0.343
	[30% of Batches]: Loss = 0.300
	[40% of Batches]: Loss = 0.343
	[50% of Batches]: Loss = 0.377
	[60% of Batches]: Loss = 0.391
	[70% of Batches]: Loss = 0.339
	[80% of Batches]: Loss = 0.355
	[90% of Batches]: Loss = 0.317
	[100% of Batches]: Loss = 0.302
Train Loss: 0.35,	Validation Loss: 9.21
Train Accuracy: 87.12%,	Validation Accuracy: 32.39%

=========== Epoch: 7 ===========
	[10% of Batches]: Loss = 0.422
	[20% of Batches]: Loss = 0.294
	[30% of Batches]: Loss = 0.292
	[40% of Batches]: Loss = 0.306
	[50% of Batches]: Loss = 0.327
	[60% of Batches]: Loss = 0.372
	[70% of Batches]: Loss = 0.322
	[80% of Batches]: Loss = 0.329
	[90% of Batches]: Loss = 0.308
	[100% of Batches]: Loss = 0.281
Train Loss: 0.33,	Validation Loss: 1.98
Train Accuracy: 87.88%,	Validation Accuracy: 60.82%

=========== Epoch: 8 ===========
	[10% of Batches]: Loss = 0.353
	[20% of Batches]: Loss = 0.262
	[30% of Batches]: Loss = 0.271
	[40% of Batches]: Loss = 0.275
	[50% of Batches]: Loss = 0.313
	[60% of Batches]: Loss = 0.315
	[70% of Batches]: Loss = 0.310
	[80% of Batches]: Loss = 0.283
	[90% of Batches]: Loss = 0.240
	[100% of Batches]: Loss = 0.241
Train Loss: 0.29,	Validation Loss: 0.38
Train Accuracy: 89.19%,	Validation Accuracy: 85.52%

=========== Epoch: 9 ===========
	[10% of Batches]: Loss = 0.320
	[20% of Batches]: Loss = 0.217
	[30% of Batches]: Loss = 0.216
	[40% of Batches]: Loss = 0.263
	[50% of Batches]: Loss = 0.254
	[60% of Batches]: Loss = 0.291
	[70% of Batches]: Loss = 0.244
	[80% of Batches]: Loss = 0.245
	[90% of Batches]: Loss = 0.243
	[100% of Batches]: Loss = 0.243
Train Loss: 0.25,	Validation Loss: 14.67
Train Accuracy: 90.22%,	Validation Accuracy: 29.80%

=========== Epoch: 10 ===========
	[10% of Batches]: Loss = 0.301
	[20% of Batches]: Loss = 0.216
	[30% of Batches]: Loss = 0.174
	[40% of Batches]: Loss = 0.210
	[50% of Batches]: Loss = 0.244
	[60% of Batches]: Loss = 0.254
	[70% of Batches]: Loss = 0.241
	[80% of Batches]: Loss = 0.205
	[90% of Batches]: Loss = 0.205
	[100% of Batches]: Loss = 0.172
Train Loss: 0.22,	Validation Loss: 0.60
Train Accuracy: 91.55%,	Validation Accuracy: 78.78%

Accuracy: 79.34%, Avg. Loss: 0.54
