Loading the training data into the GPU memory
Loading the validation data into the GPU memory
Starting training
=========== Epoch: 1 ===========
	[Batch:  19]: Loss = 3.319
	[Batch:  38]: Loss = 1.123
	[Batch:  57]: Loss = 1.020
	[Batch:  76]: Loss = 1.012
	[Batch:  95]: Loss = 0.977
	[Batch: 114]: Loss = 0.913
	[Batch: 133]: Loss = 0.821
	[Batch: 152]: Loss = 0.850
	[Batch: 171]: Loss = 0.844
	[Batch: 190]: Loss = 0.819
Train Loss: 1.15,	Validation Loss: 0.82
Train Accuracy: 57.49%,	Validation Accuracy: 62.06%

=========== Epoch: 2 ===========
	[Batch:  19]: Loss = 0.773
	[Batch:  38]: Loss = 0.787
	[Batch:  57]: Loss = 0.747
	[Batch:  76]: Loss = 0.760
	[Batch:  95]: Loss = 0.736
	[Batch: 114]: Loss = 0.742
	[Batch: 133]: Loss = 0.702
	[Batch: 152]: Loss = 0.743
	[Batch: 171]: Loss = 0.699
	[Batch: 190]: Loss = 0.722
Train Loss: 0.74,	Validation Loss: 0.69
Train Accuracy: 69.57%,	Validation Accuracy: 71.34%

=========== Epoch: 3 ===========
	[Batch:  19]: Loss = 0.634
	[Batch:  38]: Loss = 0.693
	[Batch:  57]: Loss = 0.630
	[Batch:  76]: Loss = 0.652
	[Batch:  95]: Loss = 0.639
	[Batch: 114]: Loss = 0.636
	[Batch: 133]: Loss = 0.609
	[Batch: 152]: Loss = 0.683
	[Batch: 171]: Loss = 0.632
	[Batch: 190]: Loss = 0.612
Train Loss: 0.64,	Validation Loss: 0.63
Train Accuracy: 74.25%,	Validation Accuracy: 74.00%

=========== Epoch: 4 ===========
	[Batch:  19]: Loss = 0.573
	[Batch:  38]: Loss = 0.637
	[Batch:  57]: Loss = 0.589
	[Batch:  76]: Loss = 0.623
	[Batch:  95]: Loss = 0.606
	[Batch: 114]: Loss = 0.570
	[Batch: 133]: Loss = 0.519
	[Batch: 152]: Loss = 0.591
	[Batch: 171]: Loss = 0.564
	[Batch: 190]: Loss = 0.577
Train Loss: 0.58,	Validation Loss: 0.62
Train Accuracy: 76.20%,	Validation Accuracy: 74.79%

=========== Epoch: 5 ===========
	[Batch:  19]: Loss = 0.496
	[Batch:  38]: Loss = 0.596
	[Batch:  57]: Loss = 0.540
	[Batch:  76]: Loss = 0.586
	[Batch:  95]: Loss = 0.538
	[Batch: 114]: Loss = 0.521
	[Batch: 133]: Loss = 0.488
	[Batch: 152]: Loss = 0.516
	[Batch: 171]: Loss = 0.498
	[Batch: 190]: Loss = 0.493
Train Loss: 0.52,	Validation Loss: 0.60
Train Accuracy: 79.39%,	Validation Accuracy: 75.49%

=========== Epoch: 6 ===========
	[Batch:  19]: Loss = 0.437
	[Batch:  38]: Loss = 0.543
	[Batch:  57]: Loss = 0.478
	[Batch:  76]: Loss = 0.482
	[Batch:  95]: Loss = 0.466
	[Batch: 114]: Loss = 0.448
	[Batch: 133]: Loss = 0.441
	[Batch: 152]: Loss = 0.438
	[Batch: 171]: Loss = 0.401
	[Batch: 190]: Loss = 0.414
Train Loss: 0.45,	Validation Loss: 0.62
Train Accuracy: 82.18%,	Validation Accuracy: 76.82%

=========== Epoch: 7 ===========
	[Batch:  19]: Loss = 0.409
	[Batch:  38]: Loss = 0.490
	[Batch:  57]: Loss = 0.360
	[Batch:  76]: Loss = 0.432
	[Batch:  95]: Loss = 0.404
	[Batch: 114]: Loss = 0.393
	[Batch: 133]: Loss = 0.373
	[Batch: 152]: Loss = 0.415
	[Batch: 171]: Loss = 0.386
	[Batch: 190]: Loss = 0.343
Train Loss: 0.40,	Validation Loss: 0.63
Train Accuracy: 84.49%,	Validation Accuracy: 77.68%

=========== Epoch: 8 ===========
	[Batch:  19]: Loss = 0.299
	[Batch:  38]: Loss = 0.400
	[Batch:  57]: Loss = 0.345
	[Batch:  76]: Loss = 0.354
	[Batch:  95]: Loss = 0.342
	[Batch: 114]: Loss = 0.358
	[Batch: 133]: Loss = 0.354
	[Batch: 152]: Loss = 0.301
	[Batch: 171]: Loss = 0.357
	[Batch: 190]: Loss = 0.280
Train Loss: 0.34,	Validation Loss: 0.62
Train Accuracy: 87.08%,	Validation Accuracy: 79.13%

=========== Epoch: 9 ===========
	[Batch:  19]: Loss = 0.259
	[Batch:  38]: Loss = 0.340
	[Batch:  57]: Loss = 0.285
	[Batch:  76]: Loss = 0.312
	[Batch:  95]: Loss = 0.302
	[Batch: 114]: Loss = 0.320
	[Batch: 133]: Loss = 0.290
	[Batch: 152]: Loss = 0.274
	[Batch: 171]: Loss = 0.254
	[Batch: 190]: Loss = 0.242
Train Loss: 0.29,	Validation Loss: 0.73
Train Accuracy: 89.15%,	Validation Accuracy: 77.92%

=========== Epoch: 10 ===========
	[Batch:  19]: Loss = 0.220
	[Batch:  38]: Loss = 0.314
	[Batch:  57]: Loss = 0.262
	[Batch:  76]: Loss = 0.290
	[Batch:  95]: Loss = 0.267
	[Batch: 114]: Loss = 0.344
	[Batch: 133]: Loss = 0.291
	[Batch: 152]: Loss = 0.226
	[Batch: 171]: Loss = 0.230
	[Batch: 190]: Loss = 0.175
Train Loss: 0.26,	Validation Loss: 0.80
Train Accuracy: 90.18%,	Validation Accuracy: 77.47%

=========== Epoch: 11 ===========
	[Batch:  19]: Loss = 0.207
	[Batch:  38]: Loss = 0.223
	[Batch:  57]: Loss = 0.154
	[Batch:  76]: Loss = 0.290
	[Batch:  95]: Loss = 0.219
	[Batch: 114]: Loss = 0.239
	[Batch: 133]: Loss = 0.201
	[Batch: 152]: Loss = 0.189
	[Batch: 171]: Loss = 0.182
	[Batch: 190]: Loss = 0.125
Train Loss: 0.20,	Validation Loss: 1.03
Train Accuracy: 92.38%,	Validation Accuracy: 76.80%

=========== Epoch: 12 ===========
	[Batch:  19]: Loss = 0.201
	[Batch:  38]: Loss = 0.258
	[Batch:  57]: Loss = 0.152
	[Batch:  76]: Loss = 0.257
	[Batch:  95]: Loss = 0.264
	[Batch: 114]: Loss = 0.219
	[Batch: 133]: Loss = 0.172
	[Batch: 152]: Loss = 0.176
	[Batch: 171]: Loss = 0.181
	[Batch: 190]: Loss = 0.150
Train Loss: 0.20,	Validation Loss: 1.50
Train Accuracy: 92.24%,	Validation Accuracy: 74.74%

=========== Epoch: 13 ===========
	[Batch:  19]: Loss = 0.189
	[Batch:  38]: Loss = 0.229
	[Batch:  57]: Loss = 0.161
	[Batch:  76]: Loss = 0.242
	[Batch:  95]: Loss = 0.324
	[Batch: 114]: Loss = 0.220
	[Batch: 133]: Loss = 0.173
	[Batch: 152]: Loss = 0.127
	[Batch: 171]: Loss = 0.139
	[Batch: 190]: Loss = 0.121
Train Loss: 0.19,	Validation Loss: 1.25
Train Accuracy: 92.98%,	Validation Accuracy: 78.52%

=========== Epoch: 14 ===========
	[Batch:  19]: Loss = 0.222
	[Batch:  38]: Loss = 0.322
	[Batch:  57]: Loss = 0.226
	[Batch:  76]: Loss = 0.206
	[Batch:  95]: Loss = 0.243
	[Batch: 114]: Loss = 0.170
	[Batch: 133]: Loss = 0.154
	[Batch: 152]: Loss = 0.179
	[Batch: 171]: Loss = 0.158
	[Batch: 190]: Loss = 0.133
Train Loss: 0.20,	Validation Loss: 1.45
Train Accuracy: 92.59%,	Validation Accuracy: 76.94%

=========== Epoch: 15 ===========
	[Batch:  19]: Loss = 0.215
	[Batch:  38]: Loss = 0.154
	[Batch:  57]: Loss = 0.127
	[Batch:  76]: Loss = 0.126
	[Batch:  95]: Loss = 0.115
	[Batch: 114]: Loss = 0.164
	[Batch: 133]: Loss = 0.091
	[Batch: 152]: Loss = 0.146
	[Batch: 171]: Loss = 0.117
	[Batch: 190]: Loss = 0.080
Train Loss: 0.13,	Validation Loss: 1.64
Train Accuracy: 94.94%,	Validation Accuracy: 76.89%

=========== Epoch: 16 ===========
	[Batch:  19]: Loss = 0.185
	[Batch:  38]: Loss = 0.243
	[Batch:  57]: Loss = 0.157
	[Batch:  76]: Loss = 0.111
	[Batch:  95]: Loss = 0.105
	[Batch: 114]: Loss = 0.121
	[Batch: 133]: Loss = 0.124
	[Batch: 152]: Loss = 0.109
	[Batch: 171]: Loss = 0.148
	[Batch: 190]: Loss = 0.119
Train Loss: 0.14,	Validation Loss: 1.40
Train Accuracy: 94.78%,	Validation Accuracy: 76.98%

=========== Epoch: 17 ===========
	[Batch:  19]: Loss = 0.177
	[Batch:  38]: Loss = 0.157
	[Batch:  57]: Loss = 0.119
	[Batch:  76]: Loss = 0.098
	[Batch:  95]: Loss = 0.099
	[Batch: 114]: Loss = 0.113
	[Batch: 133]: Loss = 0.176
	[Batch: 152]: Loss = 0.164
	[Batch: 171]: Loss = 0.116
	[Batch: 190]: Loss = 0.063
Train Loss: 0.12,	Validation Loss: 1.92
Train Accuracy: 95.26%,	Validation Accuracy: 75.23%

=========== Epoch: 18 ===========
	[Batch:  19]: Loss = 0.120
	[Batch:  38]: Loss = 0.139
	[Batch:  57]: Loss = 0.165
	[Batch:  76]: Loss = 0.103
	[Batch:  95]: Loss = 0.090
	[Batch: 114]: Loss = 0.094
	[Batch: 133]: Loss = 0.099
	[Batch: 152]: Loss = 0.060
	[Batch: 171]: Loss = 0.049
	[Batch: 190]: Loss = 0.058
Train Loss: 0.10,	Validation Loss: 2.06
Train Accuracy: 96.48%,	Validation Accuracy: 73.76%

=========== Epoch: 19 ===========
	[Batch:  19]: Loss = 0.058
	[Batch:  38]: Loss = 0.120
	[Batch:  57]: Loss = 0.102
	[Batch:  76]: Loss = 0.088
	[Batch:  95]: Loss = 0.089
	[Batch: 114]: Loss = 0.091
	[Batch: 133]: Loss = 0.100
	[Batch: 152]: Loss = 0.114
	[Batch: 171]: Loss = 0.094
	[Batch: 190]: Loss = 0.097
Train Loss: 0.10,	Validation Loss: 1.84
Train Accuracy: 96.40%,	Validation Accuracy: 75.93%

=========== Epoch: 20 ===========
	[Batch:  19]: Loss = 0.096
	[Batch:  38]: Loss = 0.122
	[Batch:  57]: Loss = 0.110
	[Batch:  76]: Loss = 0.146
	[Batch:  95]: Loss = 0.098
	[Batch: 114]: Loss = 0.082
	[Batch: 133]: Loss = 0.094
	[Batch: 152]: Loss = 0.159
	[Batch: 171]: Loss = 0.106
	[Batch: 190]: Loss = 0.065
Train Loss: 0.11,	Validation Loss: 2.35
Train Accuracy: 96.23%,	Validation Accuracy: 74.18%

Accuracy: 73.67%, Avg. Loss: 2.32
